ERROR:root:Exception serializing message!
Traceback (most recent call last):
  File "/usr/local/lib/python2.7/site-packages/grpc/_common.py", line 87, in _transform
    return transformer(message)
TypeError: descriptor 'SerializeToString' requires a 'google.protobuf.pyext._message.CMessage' object but received a 'NoneType'
ERROR:root:Exception serializing message!
Traceback (most recent call last):
  File "/usr/local/lib/python2.7/site-packages/grpc/_common.py", line 87, in _transform
    return transformer(message)
TypeError: descriptor 'SerializeToString' requires a 'google.protobuf.pyext._message.CMessage' object but received a 'NoneType'
ERROR:root:Exception serializing message!
Traceback (most recent call last):
  File "/usr/local/lib/python2.7/site-packages/grpc/_common.py", line 87, in _transform
    return transformer(message)
TypeError: descriptor 'SerializeToString' requires a 'google.protobuf.pyext._message.CMessage' object but received a 'NoneType'
ERROR:root:Exception serializing message!
Traceback (most recent call last):
  File "/usr/local/lib/python2.7/site-packages/grpc/_common.py", line 87, in _transform
    return transformer(message)
TypeError: descriptor 'SerializeToString' requires a 'google.protobuf.pyext._message.CMessage' object but received a 'NoneType'
ERROR:root:Exception serializing message!
Traceback (most recent call last):
  File "/usr/local/lib/python2.7/site-packages/grpc/_common.py", line 87, in _transform
    return transformer(message)
TypeError: descriptor 'SerializeToString' requires a 'google.protobuf.pyext._message.CMessage' object but received a 'NoneType'
ERROR:root:Exception serializing message!
Traceback (most recent call last):
  File "/usr/local/lib/python2.7/site-packages/grpc/_common.py", line 87, in _transform
    return transformer(message)
TypeError: descriptor 'SerializeToString' requires a 'google.protobuf.pyext._message.CMessage' object but received a 'NoneType'
ERROR:root:Exception serializing message!
Traceback (most recent call last):
  File "/usr/local/lib/python2.7/site-packages/grpc/_common.py", line 87, in _transform
    return transformer(message)
TypeError: descriptor 'SerializeToString' requires a 'google.protobuf.pyext._message.CMessage' object but received a 'NoneType'
ERROR:root:Exception serializing message!
Traceback (most recent call last):
  File "/usr/local/lib/python2.7/site-packages/grpc/_common.py", line 87, in _transform
    return transformer(message)
TypeError: descriptor 'SerializeToString' requires a 'google.protobuf.pyext._message.CMessage' object but received a 'NoneType'
ERROR:root:Exception serializing message!
Traceback (most recent call last):
  File "/usr/local/lib/python2.7/site-packages/grpc/_common.py", line 87, in _transform
    return transformer(message)
TypeError: descriptor 'SerializeToString' requires a 'google.protobuf.pyext._message.CMessage' object but received a 'NoneType'
ERROR:root:Exception serializing message!
Traceback (most recent call last):
  File "/usr/local/lib/python2.7/site-packages/grpc/_common.py", line 87, in _transform
    return transformer(message)
TypeError: descriptor 'SerializeToString' requires a 'google.protobuf.pyext._message.CMessage' object but received a 'NoneType'
ERROR:root:Exception serializing message!
Traceback (most recent call last):
  File "/usr/local/lib/python2.7/site-packages/grpc/_common.py", line 87, in _transform
    return transformer(message)
TypeError: descriptor 'SerializeToString' requires a 'google.protobuf.pyext._message.CMessage' object but received a 'NoneType'
ERROR:root:Exception serializing message!
Traceback (most recent call last):
  File "/usr/local/lib/python2.7/site-packages/grpc/_common.py", line 87, in _transform
    return transformer(message)
TypeError: descriptor 'SerializeToString' requires a 'google.protobuf.pyext._message.CMessage' object but received a 'NoneType'
ERROR:root:Exception serializing message!
Traceback (most recent call last):
  File "/usr/local/lib/python2.7/site-packages/grpc/_common.py", line 87, in _transform
    return transformer(message)
TypeError: descriptor 'SerializeToString' requires a 'google.protobuf.pyext._message.CMessage' object but received a 'NoneType'
ERROR:root:Exception serializing message!
Traceback (most recent call last):
  File "/usr/local/lib/python2.7/site-packages/grpc/_common.py", line 87, in _transform
    return transformer(message)
TypeError: descriptor 'SerializeToString' requires a 'google.protobuf.pyext._message.CMessage' object but received a 'NoneType'
ERROR:root:Exception serializing message!
Traceback (most recent call last):
  File "/usr/local/lib/python2.7/site-packages/grpc/_common.py", line 87, in _transform
    return transformer(message)
TypeError: descriptor 'SerializeToString' requires a 'google.protobuf.pyext._message.CMessage' object but received a 'NoneType'
ERROR:root:Exception serializing message!
Traceback (most recent call last):
  File "/usr/local/lib/python2.7/site-packages/grpc/_common.py", line 87, in _transform
    return transformer(message)
TypeError: descriptor 'SerializeToString' requires a 'google.protobuf.pyext._message.CMessage' object but received a 'NoneType'
ERROR:root:Exception serializing message!
Traceback (most recent call last):
  File "/usr/local/lib/python2.7/site-packages/grpc/_common.py", line 87, in _transform
    return transformer(message)
TypeError: descriptor 'SerializeToString' requires a 'google.protobuf.pyext._message.CMessage' object but received a 'NoneType'
ERROR:root:Exception serializing message!
Traceback (most recent call last):
  File "/usr/local/lib/python2.7/site-packages/grpc/_common.py", line 87, in _transform
    return transformer(message)
TypeError: descriptor 'SerializeToString' requires a 'google.protobuf.pyext._message.CMessage' object but received a 'NoneType'
ERROR:root:Exception serializing message!
Traceback (most recent call last):
  File "/usr/local/lib/python2.7/site-packages/grpc/_common.py", line 87, in _transform
    return transformer(message)
TypeError: descriptor 'SerializeToString' requires a 'google.protobuf.pyext._message.CMessage' object but received a 'NoneType'
ERROR:root:Exception serializing message!
Traceback (most recent call last):
  File "/usr/local/lib/python2.7/site-packages/grpc/_common.py", line 87, in _transform
    return transformer(message)
TypeError: descriptor 'SerializeToString' requires a 'google.protobuf.pyext._message.CMessage' object but received a 'NoneType'
ERROR:root:Exception serializing message!
Traceback (most recent call last):
  File "/usr/local/lib/python2.7/site-packages/grpc/_common.py", line 87, in _transform
    return transformer(message)
TypeError: descriptor 'SerializeToString' requires a 'google.protobuf.pyext._message.CMessage' object but received a 'NoneType'
ERROR:root:Exception serializing message!
Traceback (most recent call last):
  File "/usr/local/lib/python2.7/site-packages/grpc/_common.py", line 87, in _transform
    return transformer(message)
TypeError: descriptor 'SerializeToString' requires a 'google.protobuf.pyext._message.CMessage' object but received a 'NoneType'
ERROR:root:Exception serializing message!
Traceback (most recent call last):
  File "/usr/local/lib/python2.7/site-packages/grpc/_common.py", line 87, in _transform
    return transformer(message)
TypeError: descriptor 'SerializeToString' requires a 'google.protobuf.pyext._message.CMessage' object but received a 'NoneType'
ERROR:root:Exception serializing message!
Traceback (most recent call last):
  File "/usr/local/lib/python2.7/site-packages/grpc/_common.py", line 87, in _transform
    return transformer(message)
TypeError: descriptor 'SerializeToString' requires a 'google.protobuf.pyext._message.CMessage' object but received a 'NoneType'
ERROR:root:Exception serializing message!
Traceback (most recent call last):
  File "/usr/local/lib/python2.7/site-packages/grpc/_common.py", line 87, in _transform
    return transformer(message)
TypeError: descriptor 'SerializeToString' requires a 'google.protobuf.pyext._message.CMessage' object but received a 'NoneType'
ERROR:root:Exception serializing message!
Traceback (most recent call last):
  File "/usr/local/lib/python2.7/site-packages/grpc/_common.py", line 87, in _transform
    return transformer(message)
TypeError: descriptor 'SerializeToString' requires a 'google.protobuf.pyext._message.CMessage' object but received a 'NoneType'
ERROR:root:Exception calling application: 'CreateVolumeRequest' object has no attribute 'get'
Traceback (most recent call last):
  File "/usr/local/lib/python2.7/site-packages/grpc/_server.py", line 385, in _call_behavior
    return behavior(argument, context), True
  File "./csi_server.py", line 19, in CreateVolume
    name = req.get('name', 'foo')
AttributeError: 'CreateVolumeRequest' object has no attribute 'get'
ERROR:root:Exception serializing message!
Traceback (most recent call last):
  File "/usr/local/lib/python2.7/site-packages/grpc/_common.py", line 87, in _transform
    return transformer(message)
TypeError: descriptor 'SerializeToString' requires a 'google.protobuf.pyext._message.CMessage' object but received a 'NoneType'
now serving...
